<?xml version="1.0" encoding="UTF-8" ?>
<testsuite tests="8" failures="0" name="com.techt.informationmanagementsystem.InformationManagementSystemTest" time="0.007" errors="0" skipped="0">
  <properties>
[...]
</properties>
  <testcase classname="com.techt.informationmanagementsystem.InformationManagementSystemTest" name="updateInvalidItem" time="0.007"/>
  <testcase classname="com.techt.informationmanagementsystem.InformationManagementSystemTest" name="updateItemInvalidQtyTest" time="0"/>
  <testcase classname="com.techt.informationmanagementsystem.InformationManagementSystemTest" name="addInvalidItemTest" time="0"/>
  <testcase classname="com.techt.informationmanagementsystem.InformationManagementSystemTest" name="removeItemTest" time="0"/>
  <testcase classname="com.techt.informationmanagementsystem.InformationManagementSystemTest" name="addItemTest" time="0"/>
  <testcase classname="com.techt.informationmanagementsystem.InformationManagementSystemTest" name="removeInvalidItem" time="0"/>
  <testcase classname="com.techt.informationmanagementsystem.InformationManagementSystemTest" name="getInventoryTest" time="0"/>
  <testcase classname="com.techt.informationmanagementsystem.InformationManagementSystemTest" name="updateItemTest" time="0"/>
</testsuite>